<?xml version="1.0" encoding="UTF-8"?>
<testsuite name="NetworkTest" tests="1" skipped="0" failures="0" errors="0" timestamp="2016-09-03T22:33:45" hostname="Arcanum" time="0.001">
  <properties/>
  <testcase name="test" classname="NetworkTest" time="0.001"/>
  <system-out><![CDATA[Hello, Networks!]]></system-out>
  <system-err><![CDATA[]]></system-err>
</testsuite>
